<?xml version="1.0" encoding="UTF-8"?>
<!-- Generated by org.testng.reporters.JUnitReportReporter -->
<testsuite skipped="0" hostname="DESKTOP-6P4GP0U" name="tests.basic.PageObjectCode" tests="1" failures="0" timestamp="12 avr. 2022 16:25:20 GMT" time="36.575" errors="0">
  <testcase name="test" time="36.575" classname="tests.basic.PageObjectCode"/>
</testsuite> <!-- tests.basic.PageObjectCode -->
