<?xml version="1.0" encoding="UTF-8"?>
<!-- Generated by org.testng.reporters.JUnitReportReporter -->
<testsuite hostname="DESKTOP-6P4GP0U" failures="0" tests="1" name="tests.basic.PageObjectCode" time="35.102" errors="0" timestamp="12 avr. 2022 16:34:22 GMT" skipped="0">
  <testcase classname="tests.basic.PageObjectCode" name="test" time="35.102"/>
</testsuite> <!-- tests.basic.PageObjectCode -->
