<?xml version="1.0" encoding="UTF-8"?>
<!-- Generated by org.testng.reporters.JUnitReportReporter -->
<testsuite hostname="DESKTOP-6P4GP0U" failures="0" tests="1" name="tests.basic.LinearOldCode" time="7.159" errors="0" timestamp="04 avr. 2022 09:29:57 GMT" skipped="0">
  <testcase classname="tests.basic.LinearOldCode" name="test" time="7.159"/>
</testsuite> <!-- tests.basic.LinearOldCode -->
